<?xml version="1.0" encoding="UTF-8"?>
<!-- Generated by org.testng.reporters.JUnitReportReporter -->
<testsuite hostname="PUNHJW256997L" name="com.qa.test.SequenceExecution" tests="4" failures="0" timestamp="19 Aug 2019 19:40:26 GMT" time="0.000" errors="0">
  <testcase name="test2" time="0.000" classname="com.qa.test.SequenceExecution"/>
  <testcase name="test3" time="0.000" classname="com.qa.test.SequenceExecution"/>
  <testcase name="test4" time="0.000" classname="com.qa.test.SequenceExecution"/>
  <testcase name="test" time="0.000" classname="com.qa.test.SequenceExecution"/>
</testsuite> <!-- com.qa.test.SequenceExecution -->
