<?xml version="1.0" encoding="UTF-8"?>
<!-- Generated by org.testng.reporters.JUnitReportReporter -->
<testsuite hostname="PUNHJW256997L" name="com.qa.dataProviderTest.HalfEbayTest" tests="2" failures="0" timestamp="20 Aug 2019 19:24:59 GMT" time="25.102" errors="0">
  <testcase name="ebayRegistrationTest" time="10.952" classname="com.qa.dataProviderTest.HalfEbayTest"/>
  <testcase name="ebayRegistrationTest" time="14.150" classname="com.qa.dataProviderTest.HalfEbayTest"/>
</testsuite> <!-- com.qa.dataProviderTest.HalfEbayTest -->
