<?xml version="1.0" encoding="UTF-8"?>
<!-- Generated by org.testng.reporters.JUnitReportReporter -->
<testsuite hostname="PUNHJW256997L" name="com.qa.dataProviderTest.HalfEbayTest" tests="2" failures="0" timestamp="21 Aug 2019 19:22:48 GMT" time="45.758" errors="0">
  <testcase name="ebayRegistrationTest" time="11.981" classname="com.qa.dataProviderTest.HalfEbayTest"/>
  <testcase name="ebayRegistrationTest" time="33.777" classname="com.qa.dataProviderTest.HalfEbayTest"/>
</testsuite> <!-- com.qa.dataProviderTest.HalfEbayTest -->
