<?xml version="1.0" encoding="UTF-8"?>
<!-- Generated by org.testng.reporters.JUnitReportReporter -->
<testsuite hostname="PUNHJW256997L" name="com.qa.parameters.ParameterTestClass" tests="1" failures="0" timestamp="19 Aug 2019 20:01:20 GMT" time="0.016" errors="0">
  <testcase name="parameterPass" time="0.016" classname="com.qa.parameters.ParameterTestClass"/>
</testsuite> <!-- com.qa.parameters.ParameterTestClass -->
