<?xml version="1.0" encoding="UTF-8"?>
<!-- Generated by org.testng.reporters.JUnitReportReporter -->
<testsuite hostname="PUNHJW256997L" name="com.qa.test.InvocationCountTest" tests="10" failures="0" timestamp="19 Aug 2019 19:39:13 GMT" time="0.032" errors="0">
  <testcase name="sum" time="0.016" classname="com.qa.test.InvocationCountTest"/>
  <testcase name="sum" time="0.000" classname="com.qa.test.InvocationCountTest"/>
  <testcase name="sum" time="0.000" classname="com.qa.test.InvocationCountTest"/>
  <testcase name="sum" time="0.000" classname="com.qa.test.InvocationCountTest"/>
  <testcase name="sum" time="0.000" classname="com.qa.test.InvocationCountTest"/>
  <testcase name="sum" time="0.000" classname="com.qa.test.InvocationCountTest"/>
  <testcase name="sum" time="0.016" classname="com.qa.test.InvocationCountTest"/>
  <testcase name="sum" time="0.000" classname="com.qa.test.InvocationCountTest"/>
  <testcase name="sum" time="0.000" classname="com.qa.test.InvocationCountTest"/>
  <testcase name="sum" time="0.000" classname="com.qa.test.InvocationCountTest"/>
</testsuite> <!-- com.qa.test.InvocationCountTest -->
